Traceback (most recent call last):
  File "/home/john/anaconda3/envs/bcd/lib/python3.10/site-packages/jupyter_cache/executors/utils.py", line 58, in single_nb_execution
    executenb(
  File "/home/john/anaconda3/envs/bcd/lib/python3.10/site-packages/nbclient/client.py", line 1204, in execute
    return NotebookClient(nb=nb, resources=resources, km=km, **kwargs).execute()
  File "/home/john/anaconda3/envs/bcd/lib/python3.10/site-packages/nbclient/util.py", line 84, in wrapped
    return just_run(coro(*args, **kwargs))
  File "/home/john/anaconda3/envs/bcd/lib/python3.10/site-packages/nbclient/util.py", line 62, in just_run
    return loop.run_until_complete(coro)
  File "/home/john/anaconda3/envs/bcd/lib/python3.10/asyncio/base_events.py", line 649, in run_until_complete
    return future.result()
  File "/home/john/anaconda3/envs/bcd/lib/python3.10/site-packages/nbclient/client.py", line 663, in async_execute
    await self.async_execute_cell(
  File "/home/john/anaconda3/envs/bcd/lib/python3.10/site-packages/nbclient/client.py", line 965, in async_execute_cell
    await self._check_raise_for_error(cell, cell_index, exec_reply)
  File "/home/john/anaconda3/envs/bcd/lib/python3.10/site-packages/nbclient/client.py", line 862, in _check_raise_for_error
    raise CellExecutionError.from_cell_and_msg(cell, exec_reply_content)
nbclient.exceptions.CellExecutionError: An error occurred while executing the following cell:
------------------
from bcd.preprocess.image.experiment.noise import ButterworthFilterAnalyzer
analyzer = ButterworthFilterAnalyzer()
analyzer.add_gaussian_noise(var=0.2)
fig = analyzer.analyze(order=10, cutoff_frequency=1500)
glue("butterworth_characteristics", fig)
------------------

[0;31m---------------------------------------------------------------------------[0m
[0;31mModuleNotFoundError[0m                       Traceback (most recent call last)
Cell [0;32mIn[2], line 1[0m
[0;32m----> 1[0m [38;5;28;01mfrom[39;00m [38;5;21;01mbcd[39;00m[38;5;21;01m.[39;00m[38;5;21;01mpreprocess[39;00m[38;5;21;01m.[39;00m[38;5;21;01mimage[39;00m[38;5;21;01m.[39;00m[38;5;21;01mexperiment[39;00m[38;5;21;01m.[39;00m[38;5;21;01mnoise[39;00m [38;5;28;01mimport[39;00m ButterworthFilterAnalyzer
[1;32m      2[0m analyzer [38;5;241m=[39m ButterworthFilterAnalyzer()
[1;32m      3[0m analyzer[38;5;241m.[39madd_gaussian_noise(var[38;5;241m=[39m[38;5;241m0.2[39m)

[0;31mModuleNotFoundError[0m: No module named 'bcd.preprocess.image.experiment'
ModuleNotFoundError: No module named 'bcd.preprocess.image.experiment'

