[10/23/2023 12:03:48 AM] [INFO] [test_taskrun_repo] [test_taskrun_repo] [test_setup] : 

Started TestTaskRunRepo test_setup at 12:03:47 AM on 10/23/2023
[10/23/2023 12:03:48 AM] [INFO] [test_taskrun_repo] [test_taskrun_repo] [test_setup] : 
====================================================================================================
[10/23/2023 12:03:48 AM] [INFO] [test_taskrun_repo] [test_taskrun_repo] [test_setup] : 
	Completed TestTaskRunRepo test_setup in 0.4 seconds at 12:03:48 AM on 10/23/2023
[10/23/2023 12:03:48 AM] [INFO] [test_taskrun_repo] [test_taskrun_repo] [test_setup] : 
----------------------------------------------------------------------------------------------------
[10/23/2023 12:03:48 AM] [INFO] [test_taskrun_repo] [test_taskrun_repo] [test_add_exists] : 

Started TestTaskRunRepo test_add_exists at 12:03:48 AM on 10/23/2023
[10/23/2023 12:03:48 AM] [INFO] [test_taskrun_repo] [test_taskrun_repo] [test_add_exists] : 
====================================================================================================
[10/23/2023 12:03:48 AM] [ERROR] [TaskRunRepo] [task] [add] : TaskRun 6577bcd3-a6f9-48e0-8cbb-59e470e43b8a already exists.
NoneType: None
[10/23/2023 12:03:48 AM] [INFO] [test_taskrun_repo] [test_taskrun_repo] [test_add_exists] : 
Completed TestTaskRunRepo test_add_exists in 0.1 seconds at 12:03:48 AM on 10/23/2023
[10/23/2023 12:03:48 AM] [INFO] [test_taskrun_repo] [test_taskrun_repo] [test_add_exists] : 
----------------------------------------------------------------------------------------------------
[10/23/2023 12:03:48 AM] [INFO] [test_taskrun_repo] [test_taskrun_repo] [test_get] : 

Started TestTaskRunRepo test_get at 12:03:48 AM on 10/23/2023
[10/23/2023 12:03:48 AM] [INFO] [test_taskrun_repo] [test_taskrun_repo] [test_get] : 
====================================================================================================
[10/23/2023 12:03:48 AM] [INFO] [test_taskrun_repo] [test_taskrun_repo] [test_count] : 

Started TestTaskRunRepo test_count at 12:03:48 AM on 10/23/2023
[10/23/2023 12:03:48 AM] [INFO] [test_taskrun_repo] [test_taskrun_repo] [test_count] : 
====================================================================================================
[10/23/2023 12:03:48 AM] [INFO] [test_taskrun_repo] [test_taskrun_repo] [test_delete] : 

Started TestTaskRunRepo test_delete at 12:03:48 AM on 10/23/2023
[10/23/2023 12:03:48 AM] [INFO] [test_taskrun_repo] [test_taskrun_repo] [test_delete] : 
====================================================================================================
[10/23/2023 12:09:05 AM] [INFO] [test_taskrun_repo] [test_taskrun_repo] [test_setup] : 

Started TestTaskRunRepo test_setup at 12:09:04 AM on 10/23/2023
[10/23/2023 12:09:05 AM] [INFO] [test_taskrun_repo] [test_taskrun_repo] [test_setup] : 
====================================================================================================
[10/23/2023 12:09:05 AM] [INFO] [test_taskrun_repo] [test_taskrun_repo] [test_setup] : 
	Completed TestTaskRunRepo test_setup in 0.4 seconds at 12:09:05 AM on 10/23/2023
[10/23/2023 12:09:05 AM] [INFO] [test_taskrun_repo] [test_taskrun_repo] [test_setup] : 
----------------------------------------------------------------------------------------------------
[10/23/2023 12:09:05 AM] [INFO] [test_taskrun_repo] [test_taskrun_repo] [test_add_exists] : 

Started TestTaskRunRepo test_add_exists at 12:09:05 AM on 10/23/2023
[10/23/2023 12:09:05 AM] [INFO] [test_taskrun_repo] [test_taskrun_repo] [test_add_exists] : 
====================================================================================================
[10/23/2023 12:09:05 AM] [DEBUG] [test_taskrun_repo] [test_taskrun_repo] [test_add_exists] : 

                            TaskRun                             
                              Id | a8907b38-6031-4c2d-823e-6b191715ffba
                            Task | TestTaskRunRepo0
                            Mode | test
                        Stage Id | 0
                           Stage | original
                        Duration | 20.000009
                Images Processed | 100
           Image Processing Time | 0.20000009
                         Success | True


[10/23/2023 12:09:05 AM] [ERROR] [TaskRunRepo] [task] [add] : TaskRun a8907b38-6031-4c2d-823e-6b191715ffba already exists.
NoneType: None
[10/23/2023 12:09:05 AM] [INFO] [test_taskrun_repo] [test_taskrun_repo] [test_add_exists] : 
Completed TestTaskRunRepo test_add_exists in 0.0 seconds at 12:09:05 AM on 10/23/2023
[10/23/2023 12:09:05 AM] [INFO] [test_taskrun_repo] [test_taskrun_repo] [test_add_exists] : 
----------------------------------------------------------------------------------------------------
[10/23/2023 12:09:05 AM] [INFO] [test_taskrun_repo] [test_taskrun_repo] [test_get] : 

Started TestTaskRunRepo test_get at 12:09:05 AM on 10/23/2023
[10/23/2023 12:09:05 AM] [INFO] [test_taskrun_repo] [test_taskrun_repo] [test_get] : 
====================================================================================================
[10/23/2023 12:09:05 AM] [INFO] [test_taskrun_repo] [test_taskrun_repo] [test_count] : 

Started TestTaskRunRepo test_count at 12:09:05 AM on 10/23/2023
[10/23/2023 12:09:05 AM] [INFO] [test_taskrun_repo] [test_taskrun_repo] [test_count] : 
====================================================================================================
[10/23/2023 12:09:05 AM] [INFO] [test_taskrun_repo] [test_taskrun_repo] [test_delete] : 

Started TestTaskRunRepo test_delete at 12:09:05 AM on 10/23/2023
[10/23/2023 12:09:05 AM] [INFO] [test_taskrun_repo] [test_taskrun_repo] [test_delete] : 
====================================================================================================
[10/23/2023 12:10:17 AM] [INFO] [test_taskrun_repo] [test_taskrun_repo] [test_setup] : 

Started TestTaskRunRepo test_setup at 12:10:17 AM on 10/23/2023
[10/23/2023 12:10:17 AM] [INFO] [test_taskrun_repo] [test_taskrun_repo] [test_setup] : 
====================================================================================================
[10/23/2023 12:10:17 AM] [INFO] [test_taskrun_repo] [test_taskrun_repo] [test_setup] : 
	Completed TestTaskRunRepo test_setup in 0.4 seconds at 12:10:17 AM on 10/23/2023
[10/23/2023 12:10:17 AM] [INFO] [test_taskrun_repo] [test_taskrun_repo] [test_setup] : 
----------------------------------------------------------------------------------------------------
[10/23/2023 12:10:17 AM] [INFO] [test_taskrun_repo] [test_taskrun_repo] [test_add_exists] : 

Started TestTaskRunRepo test_add_exists at 12:10:17 AM on 10/23/2023
[10/23/2023 12:10:17 AM] [INFO] [test_taskrun_repo] [test_taskrun_repo] [test_add_exists] : 
====================================================================================================
[10/23/2023 12:10:17 AM] [DEBUG] [test_taskrun_repo] [test_taskrun_repo] [test_add_exists] : 

                            TaskRun                             
                              Id | 225aceb3-1094-49ef-a989-4fd631224220
                            Task | TestTaskRunRepo0
                            Mode | test
                        Stage Id | 0
                           Stage | original
                        Duration | 20.000012
                Images Processed | 100
           Image Processing Time | 0.20000012
                         Success | True


[10/23/2023 12:10:17 AM] [DEBUG] [test_taskrun_repo] [test_taskrun_repo] [test_add_exists] : 

                            TaskRun                             
                              Id | 3b900df6-c31c-4988-b17b-faef247ed966
                            Task | TestTaskRunRepo1
                            Mode | test
                        Stage Id | 0
                           Stage | original
                        Duration | 20.000005
                Images Processed | 100
           Image Processing Time | 0.20000005
                         Success | True


[10/23/2023 12:10:17 AM] [DEBUG] [test_taskrun_repo] [test_taskrun_repo] [test_add_exists] : 

                            TaskRun                             
                              Id | eb92d26d-ccef-4707-915d-35f924afa8d2
                            Task | TestTaskRunRepo0
                            Mode | test
                        Stage Id | 0
                           Stage | original
                        Duration | 20.000003
                Images Processed | 100
           Image Processing Time | 0.20000003
                         Success | True


[10/23/2023 12:10:17 AM] [DEBUG] [test_taskrun_repo] [test_taskrun_repo] [test_add_exists] : 

                            TaskRun                             
                              Id | 617e9459-fda2-45f3-87b3-2676121f3d8e
                            Task | TestTaskRunRepo1
                            Mode | test
                        Stage Id | 0
                           Stage | original
                        Duration | 20.000003
                Images Processed | 100
           Image Processing Time | 0.20000003
                         Success | True


[10/23/2023 12:10:17 AM] [DEBUG] [test_taskrun_repo] [test_taskrun_repo] [test_add_exists] : 

                            TaskRun                             
                              Id | fc390eae-6a16-4927-9457-05bf23688f0f
                            Task | TestTaskRunRepo0
                            Mode | test
                        Stage Id | 0
                           Stage | original
                        Duration | 20.000003
                Images Processed | 100
           Image Processing Time | 0.20000003
                         Success | True


[10/23/2023 12:10:17 AM] [DEBUG] [test_taskrun_repo] [test_taskrun_repo] [test_add_exists] : 

                            TaskRun                             
                              Id | b0370ae7-4618-42c1-8f4b-addd366165dd
                            Task | TestTaskRunRepo1
                            Mode | test
                        Stage Id | 0
                           Stage | original
                        Duration | 20.000003
                Images Processed | 100
           Image Processing Time | 0.20000003
                         Success | True


[10/23/2023 12:10:17 AM] [DEBUG] [test_taskrun_repo] [test_taskrun_repo] [test_add_exists] : 

                            TaskRun                             
                              Id | 0487aa27-b0bd-4b71-8c42-880b320c62dc
                            Task | TestTaskRunRepo0
                            Mode | test
                        Stage Id | 0
                           Stage | original
                        Duration | 20.000003
                Images Processed | 100
           Image Processing Time | 0.20000003
                         Success | True


[10/23/2023 12:10:17 AM] [DEBUG] [test_taskrun_repo] [test_taskrun_repo] [test_add_exists] : 

                            TaskRun                             
                              Id | d1f44337-a364-4bfe-8695-0809b5714790
                            Task | TestTaskRunRepo1
                            Mode | test
                        Stage Id | 0
                           Stage | original
                        Duration | 20.000003
                Images Processed | 100
           Image Processing Time | 0.20000003
                         Success | True


[10/23/2023 12:10:17 AM] [DEBUG] [test_taskrun_repo] [test_taskrun_repo] [test_add_exists] : 

                            TaskRun                             
                              Id | e63299d6-978e-4bc1-b972-eeb814b5e15e
                            Task | TestTaskRunRepo0
                            Mode | test
                        Stage Id | 0
                           Stage | original
                        Duration | 20.000002
                Images Processed | 100
           Image Processing Time | 0.20000001999999997
                         Success | True


[10/23/2023 12:10:17 AM] [DEBUG] [test_taskrun_repo] [test_taskrun_repo] [test_add_exists] : 

                            TaskRun                             
                              Id | 0151dba6-61b0-46dd-a17c-973a7b0d21fd
                            Task | TestTaskRunRepo1
                            Mode | test
                        Stage Id | 0
                           Stage | original
                        Duration | 20.000003
                Images Processed | 100
           Image Processing Time | 0.20000003
                         Success | True


[10/23/2023 12:10:17 AM] [ERROR] [TaskRunRepo] [task] [add] : TaskRun 225aceb3-1094-49ef-a989-4fd631224220 already exists.
NoneType: None
[10/23/2023 12:10:17 AM] [INFO] [test_taskrun_repo] [test_taskrun_repo] [test_add_exists] : 
Completed TestTaskRunRepo test_add_exists in 0.2 seconds at 12:10:17 AM on 10/23/2023
[10/23/2023 12:10:17 AM] [INFO] [test_taskrun_repo] [test_taskrun_repo] [test_add_exists] : 
----------------------------------------------------------------------------------------------------
[10/23/2023 12:10:17 AM] [INFO] [test_taskrun_repo] [test_taskrun_repo] [test_get] : 

Started TestTaskRunRepo test_get at 12:10:17 AM on 10/23/2023
[10/23/2023 12:10:17 AM] [INFO] [test_taskrun_repo] [test_taskrun_repo] [test_get] : 
====================================================================================================
[10/23/2023 12:10:17 AM] [INFO] [test_taskrun_repo] [test_taskrun_repo] [test_get] : 
	Completed TestTaskRunRepo test_get in 0.0 seconds at 12:10:17 AM on 10/23/2023
[10/23/2023 12:10:17 AM] [INFO] [test_taskrun_repo] [test_taskrun_repo] [test_get] : 
----------------------------------------------------------------------------------------------------
[10/23/2023 12:10:17 AM] [INFO] [test_taskrun_repo] [test_taskrun_repo] [test_count] : 

Started TestTaskRunRepo test_count at 12:10:17 AM on 10/23/2023
[10/23/2023 12:10:17 AM] [INFO] [test_taskrun_repo] [test_taskrun_repo] [test_count] : 
====================================================================================================
[10/23/2023 12:10:17 AM] [INFO] [test_taskrun_repo] [test_taskrun_repo] [test_count] : 
	Completed TestTaskRunRepo test_count in 0.0 seconds at 12:10:17 AM on 10/23/2023
[10/23/2023 12:10:17 AM] [INFO] [test_taskrun_repo] [test_taskrun_repo] [test_count] : 
----------------------------------------------------------------------------------------------------
[10/23/2023 12:10:17 AM] [INFO] [test_taskrun_repo] [test_taskrun_repo] [test_delete] : 

Started TestTaskRunRepo test_delete at 12:10:17 AM on 10/23/2023
[10/23/2023 12:10:17 AM] [INFO] [test_taskrun_repo] [test_taskrun_repo] [test_delete] : 
====================================================================================================
[10/23/2023 12:15:21 AM] [INFO] [test_taskrun_repo] [test_taskrun_repo] [test_setup] : 

Started TestTaskRunRepo test_setup at 12:15:21 AM on 10/23/2023
[10/23/2023 12:15:21 AM] [INFO] [test_taskrun_repo] [test_taskrun_repo] [test_setup] : 
====================================================================================================
[10/23/2023 12:15:21 AM] [INFO] [test_taskrun_repo] [test_taskrun_repo] [test_setup] : 
	Completed TestTaskRunRepo test_setup in 0.5 seconds at 12:15:21 AM on 10/23/2023
[10/23/2023 12:15:21 AM] [INFO] [test_taskrun_repo] [test_taskrun_repo] [test_setup] : 
----------------------------------------------------------------------------------------------------
[10/23/2023 12:15:21 AM] [INFO] [test_taskrun_repo] [test_taskrun_repo] [test_add_exists] : 

Started TestTaskRunRepo test_add_exists at 12:15:21 AM on 10/23/2023
[10/23/2023 12:15:21 AM] [INFO] [test_taskrun_repo] [test_taskrun_repo] [test_add_exists] : 
====================================================================================================
[10/23/2023 12:15:21 AM] [DEBUG] [test_taskrun_repo] [test_taskrun_repo] [test_add_exists] : 

                            TaskRun                             
                              Id | f482a449-591d-449f-8a5e-d0549088cc43
                            Task | TestTaskRunRepo0
                            Mode | test
                        Stage Id | 0
                           Stage | original
                        Duration | 20.000007
                Images Processed | 100
           Image Processing Time | 0.20000007
                         Success | True


[10/23/2023 12:15:21 AM] [DEBUG] [test_taskrun_repo] [test_taskrun_repo] [test_add_exists] : 

                            TaskRun                             
                              Id | 182e6f42-91df-4c09-afa9-b05509c765b2
                            Task | TestTaskRunRepo1
                            Mode | test
                        Stage Id | 0
                           Stage | original
                        Duration | 20.000005
                Images Processed | 100
           Image Processing Time | 0.20000005
                         Success | True


[10/23/2023 12:15:21 AM] [DEBUG] [test_taskrun_repo] [test_taskrun_repo] [test_add_exists] : 

                            TaskRun                             
                              Id | 17c3f181-07d8-40d0-8042-8cf0e934ae25
                            Task | TestTaskRunRepo0
                            Mode | test
                        Stage Id | 0
                           Stage | original
                        Duration | 20.000003
                Images Processed | 100
           Image Processing Time | 0.20000003
                         Success | True


[10/23/2023 12:15:21 AM] [DEBUG] [test_taskrun_repo] [test_taskrun_repo] [test_add_exists] : 

                            TaskRun                             
                              Id | 339832c2-19c3-41c9-bfc6-4f4c761779b4
                            Task | TestTaskRunRepo1
                            Mode | test
                        Stage Id | 0
                           Stage | original
                        Duration | 20.000003
                Images Processed | 100
           Image Processing Time | 0.20000003
                         Success | True


[10/23/2023 12:15:21 AM] [DEBUG] [test_taskrun_repo] [test_taskrun_repo] [test_add_exists] : 

                            TaskRun                             
                              Id | 51f67aad-ba44-4106-982f-7ed3d61dfcce
                            Task | TestTaskRunRepo0
                            Mode | test
                        Stage Id | 0
                           Stage | original
                        Duration | 20.000003
                Images Processed | 100
           Image Processing Time | 0.20000003
                         Success | True


[10/23/2023 12:15:21 AM] [DEBUG] [test_taskrun_repo] [test_taskrun_repo] [test_add_exists] : 

                            TaskRun                             
                              Id | 94744d79-4bda-4beb-a1da-95c8959710d2
                            Task | TestTaskRunRepo1
                            Mode | test
                        Stage Id | 0
                           Stage | original
                        Duration | 20.000003
                Images Processed | 100
           Image Processing Time | 0.20000003
                         Success | True


[10/23/2023 12:15:21 AM] [DEBUG] [test_taskrun_repo] [test_taskrun_repo] [test_add_exists] : 

                            TaskRun                             
                              Id | 26345ec6-8bad-4ae5-8372-75b0d946f6f2
                            Task | TestTaskRunRepo0
                            Mode | test
                        Stage Id | 0
                           Stage | original
                        Duration | 20.000003
                Images Processed | 100
           Image Processing Time | 0.20000003
                         Success | True


[10/23/2023 12:15:21 AM] [DEBUG] [test_taskrun_repo] [test_taskrun_repo] [test_add_exists] : 

                            TaskRun                             
                              Id | 254eadc2-893f-48c8-aa66-21c23583ecc6
                            Task | TestTaskRunRepo1
                            Mode | test
                        Stage Id | 0
                           Stage | original
                        Duration | 20.000003
                Images Processed | 100
           Image Processing Time | 0.20000003
                         Success | True


[10/23/2023 12:15:21 AM] [DEBUG] [test_taskrun_repo] [test_taskrun_repo] [test_add_exists] : 

                            TaskRun                             
                              Id | 53e9b4ba-394e-4a62-8349-bf3d0388d894
                            Task | TestTaskRunRepo0
                            Mode | test
                        Stage Id | 0
                           Stage | original
                        Duration | 20.000005
                Images Processed | 100
           Image Processing Time | 0.20000005
                         Success | True


[10/23/2023 12:15:21 AM] [DEBUG] [test_taskrun_repo] [test_taskrun_repo] [test_add_exists] : 

                            TaskRun                             
                              Id | 27334151-3b75-48c9-81a7-8a975f586bca
                            Task | TestTaskRunRepo1
                            Mode | test
                        Stage Id | 0
                           Stage | original
                        Duration | 20.000003
                Images Processed | 100
           Image Processing Time | 0.20000003
                         Success | True


[10/23/2023 12:15:21 AM] [ERROR] [TaskRunRepo] [task] [add] : TaskRun f482a449-591d-449f-8a5e-d0549088cc43 already exists.
NoneType: None
[10/23/2023 12:15:21 AM] [INFO] [test_taskrun_repo] [test_taskrun_repo] [test_add_exists] : 
Completed TestTaskRunRepo test_add_exists in 0.2 seconds at 12:15:21 AM on 10/23/2023
[10/23/2023 12:15:21 AM] [INFO] [test_taskrun_repo] [test_taskrun_repo] [test_add_exists] : 
----------------------------------------------------------------------------------------------------
[10/23/2023 12:15:21 AM] [INFO] [test_taskrun_repo] [test_taskrun_repo] [test_get] : 

Started TestTaskRunRepo test_get at 12:15:21 AM on 10/23/2023
[10/23/2023 12:15:21 AM] [INFO] [test_taskrun_repo] [test_taskrun_repo] [test_get] : 
====================================================================================================
[10/23/2023 12:15:21 AM] [INFO] [test_taskrun_repo] [test_taskrun_repo] [test_get] : 
	Completed TestTaskRunRepo test_get in 0.0 seconds at 12:15:21 AM on 10/23/2023
[10/23/2023 12:15:21 AM] [INFO] [test_taskrun_repo] [test_taskrun_repo] [test_get] : 
----------------------------------------------------------------------------------------------------
[10/23/2023 12:15:21 AM] [INFO] [test_taskrun_repo] [test_taskrun_repo] [test_count] : 

Started TestTaskRunRepo test_count at 12:15:21 AM on 10/23/2023
[10/23/2023 12:15:21 AM] [INFO] [test_taskrun_repo] [test_taskrun_repo] [test_count] : 
====================================================================================================
[10/23/2023 12:15:21 AM] [INFO] [test_taskrun_repo] [test_taskrun_repo] [test_count] : 
	Completed TestTaskRunRepo test_count in 0.0 seconds at 12:15:21 AM on 10/23/2023
[10/23/2023 12:15:21 AM] [INFO] [test_taskrun_repo] [test_taskrun_repo] [test_count] : 
----------------------------------------------------------------------------------------------------
[10/23/2023 12:15:21 AM] [INFO] [test_taskrun_repo] [test_taskrun_repo] [test_delete] : 

Started TestTaskRunRepo test_delete at 12:15:21 AM on 10/23/2023
[10/23/2023 12:15:21 AM] [INFO] [test_taskrun_repo] [test_taskrun_repo] [test_delete] : 
====================================================================================================
[10/23/2023 12:22:41 AM] [INFO] [test_taskrun_repo] [test_taskrun_repo] [test_setup] : 

Started TestTaskRunRepo test_setup at 12:22:41 AM on 10/23/2023
[10/23/2023 12:22:41 AM] [INFO] [test_taskrun_repo] [test_taskrun_repo] [test_setup] : 
====================================================================================================
[10/23/2023 12:22:41 AM] [INFO] [test_taskrun_repo] [test_taskrun_repo] [test_setup] : 
	Completed TestTaskRunRepo test_setup in 0.4 seconds at 12:22:41 AM on 10/23/2023
[10/23/2023 12:22:41 AM] [INFO] [test_taskrun_repo] [test_taskrun_repo] [test_setup] : 
----------------------------------------------------------------------------------------------------
[10/23/2023 12:22:41 AM] [INFO] [test_taskrun_repo] [test_taskrun_repo] [test_add_exists] : 

Started TestTaskRunRepo test_add_exists at 12:22:41 AM on 10/23/2023
[10/23/2023 12:22:41 AM] [INFO] [test_taskrun_repo] [test_taskrun_repo] [test_add_exists] : 
====================================================================================================
[10/23/2023 12:22:41 AM] [DEBUG] [test_taskrun_repo] [test_taskrun_repo] [test_add_exists] : 

                            TaskRun                             
                              Id | 97fa87e2-7e6a-449e-8286-495d037d3569
                            Task | TestTaskRunRepo0
                            Mode | test
                        Stage Id | 0
                           Stage | original
                        Duration | 20.000011
                Images Processed | 100
           Image Processing Time | 0.20000011
                         Success | True


[10/23/2023 12:22:41 AM] [DEBUG] [test_taskrun_repo] [test_taskrun_repo] [test_add_exists] : 

                            TaskRun                             
                              Id | 8ca518ee-e7aa-487a-8935-5b3664a188ae
                            Task | TestTaskRunRepo1
                            Mode | test
                        Stage Id | 0
                           Stage | original
                        Duration | 20.000005
                Images Processed | 100
           Image Processing Time | 0.20000005
                         Success | True


[10/23/2023 12:22:41 AM] [DEBUG] [test_taskrun_repo] [test_taskrun_repo] [test_add_exists] : 

                            TaskRun                             
                              Id | 2081a2f6-3515-4f51-98a1-932f72632c29
                            Task | TestTaskRunRepo0
                            Mode | test
                        Stage Id | 0
                           Stage | original
                        Duration | 20.000003
                Images Processed | 100
           Image Processing Time | 0.20000003
                         Success | True


[10/23/2023 12:22:41 AM] [DEBUG] [test_taskrun_repo] [test_taskrun_repo] [test_add_exists] : 

                            TaskRun                             
                              Id | 76469e14-54f7-4ab9-bd35-1d4babb4c6ff
                            Task | TestTaskRunRepo1
                            Mode | test
                        Stage Id | 0
                           Stage | original
                        Duration | 20.000003
                Images Processed | 100
           Image Processing Time | 0.20000003
                         Success | True


[10/23/2023 12:22:41 AM] [DEBUG] [test_taskrun_repo] [test_taskrun_repo] [test_add_exists] : 

                            TaskRun                             
                              Id | 84128ca5-db60-4601-9ea1-d7d453625908
                            Task | TestTaskRunRepo0
                            Mode | test
                        Stage Id | 0
                           Stage | original
                        Duration | 20.000006
                Images Processed | 100
           Image Processing Time | 0.20000005999999998
                         Success | True


[10/23/2023 12:22:42 AM] [DEBUG] [test_taskrun_repo] [test_taskrun_repo] [test_add_exists] : 

                            TaskRun                             
                              Id | 07604747-af82-4b50-8da7-f9454e08bc6e
                            Task | TestTaskRunRepo1
                            Mode | test
                        Stage Id | 0
                           Stage | original
                        Duration | 20.000003
                Images Processed | 100
           Image Processing Time | 0.20000003
                         Success | True


[10/23/2023 12:22:42 AM] [DEBUG] [test_taskrun_repo] [test_taskrun_repo] [test_add_exists] : 

                            TaskRun                             
                              Id | 8a576eb3-7c3f-4f8d-8384-bcd5c3d44d6f
                            Task | TestTaskRunRepo0
                            Mode | test
                        Stage Id | 0
                           Stage | original
                        Duration | 20.000003
                Images Processed | 100
           Image Processing Time | 0.20000003
                         Success | True


[10/23/2023 12:22:42 AM] [DEBUG] [test_taskrun_repo] [test_taskrun_repo] [test_add_exists] : 

                            TaskRun                             
                              Id | b7ff0023-51b6-49b0-b6b4-70401733d74c
                            Task | TestTaskRunRepo1
                            Mode | test
                        Stage Id | 0
                           Stage | original
                        Duration | 20.000003
                Images Processed | 100
           Image Processing Time | 0.20000003
                         Success | True


[10/23/2023 12:22:42 AM] [DEBUG] [test_taskrun_repo] [test_taskrun_repo] [test_add_exists] : 

                            TaskRun                             
                              Id | 10cfaee4-7e5d-4031-aa0c-c4529243f947
                            Task | TestTaskRunRepo0
                            Mode | test
                        Stage Id | 0
                           Stage | original
                        Duration | 20.000003
                Images Processed | 100
           Image Processing Time | 0.20000003
                         Success | True


[10/23/2023 12:22:42 AM] [DEBUG] [test_taskrun_repo] [test_taskrun_repo] [test_add_exists] : 

                            TaskRun                             
                              Id | b21cc88a-78e2-4290-bf47-87ca2b2110cd
                            Task | TestTaskRunRepo1
                            Mode | test
                        Stage Id | 0
                           Stage | original
                        Duration | 20.000003
                Images Processed | 100
           Image Processing Time | 0.20000003
                         Success | True


[10/23/2023 12:22:42 AM] [ERROR] [TaskRunRepo] [task] [add] : TaskRun 97fa87e2-7e6a-449e-8286-495d037d3569 already exists.
NoneType: None
[10/23/2023 12:22:42 AM] [INFO] [test_taskrun_repo] [test_taskrun_repo] [test_add_exists] : 
Completed TestTaskRunRepo test_add_exists in 0.2 seconds at 12:22:42 AM on 10/23/2023
[10/23/2023 12:22:42 AM] [INFO] [test_taskrun_repo] [test_taskrun_repo] [test_add_exists] : 
----------------------------------------------------------------------------------------------------
[10/23/2023 12:22:42 AM] [INFO] [test_taskrun_repo] [test_taskrun_repo] [test_get] : 

Started TestTaskRunRepo test_get at 12:22:42 AM on 10/23/2023
[10/23/2023 12:22:42 AM] [INFO] [test_taskrun_repo] [test_taskrun_repo] [test_get] : 
====================================================================================================
[10/23/2023 12:22:42 AM] [INFO] [test_taskrun_repo] [test_taskrun_repo] [test_get] : 
	Completed TestTaskRunRepo test_get in 0.0 seconds at 12:22:42 AM on 10/23/2023
[10/23/2023 12:22:42 AM] [INFO] [test_taskrun_repo] [test_taskrun_repo] [test_get] : 
----------------------------------------------------------------------------------------------------
[10/23/2023 12:22:42 AM] [INFO] [test_taskrun_repo] [test_taskrun_repo] [test_count] : 

Started TestTaskRunRepo test_count at 12:22:42 AM on 10/23/2023
[10/23/2023 12:22:42 AM] [INFO] [test_taskrun_repo] [test_taskrun_repo] [test_count] : 
====================================================================================================
[10/23/2023 12:22:42 AM] [INFO] [test_taskrun_repo] [test_taskrun_repo] [test_count] : 
	Completed TestTaskRunRepo test_count in 0.0 seconds at 12:22:42 AM on 10/23/2023
[10/23/2023 12:22:42 AM] [INFO] [test_taskrun_repo] [test_taskrun_repo] [test_count] : 
----------------------------------------------------------------------------------------------------
[10/23/2023 12:22:42 AM] [INFO] [test_taskrun_repo] [test_taskrun_repo] [test_delete] : 

Started TestTaskRunRepo test_delete at 12:22:42 AM on 10/23/2023
[10/23/2023 12:22:42 AM] [INFO] [test_taskrun_repo] [test_taskrun_repo] [test_delete] : 
====================================================================================================
[10/23/2023 12:22:42 AM] [INFO] [test_taskrun_repo] [test_taskrun_repo] [test_delete] : 
	Completed TestTaskRunRepo test_delete in 0.0 seconds at 12:22:42 AM on 10/23/2023
[10/23/2023 12:22:42 AM] [INFO] [test_taskrun_repo] [test_taskrun_repo] [test_delete] : 
----------------------------------------------------------------------------------------------------
