Traceback (most recent call last):
  File "/home/john/anaconda3/envs/bcd/lib/python3.10/site-packages/jupyter_cache/executors/utils.py", line 58, in single_nb_execution
    executenb(
  File "/home/john/anaconda3/envs/bcd/lib/python3.10/site-packages/nbclient/client.py", line 1204, in execute
    return NotebookClient(nb=nb, resources=resources, km=km, **kwargs).execute()
  File "/home/john/anaconda3/envs/bcd/lib/python3.10/site-packages/nbclient/util.py", line 84, in wrapped
    return just_run(coro(*args, **kwargs))
  File "/home/john/anaconda3/envs/bcd/lib/python3.10/site-packages/nbclient/util.py", line 62, in just_run
    return loop.run_until_complete(coro)
  File "/home/john/anaconda3/envs/bcd/lib/python3.10/asyncio/base_events.py", line 649, in run_until_complete
    return future.result()
  File "/home/john/anaconda3/envs/bcd/lib/python3.10/site-packages/nbclient/client.py", line 663, in async_execute
    await self.async_execute_cell(
  File "/home/john/anaconda3/envs/bcd/lib/python3.10/site-packages/nbclient/client.py", line 965, in async_execute_cell
    await self._check_raise_for_error(cell, cell_index, exec_reply)
  File "/home/john/anaconda3/envs/bcd/lib/python3.10/site-packages/nbclient/client.py", line 862, in _check_raise_for_error
    raise CellExecutionError.from_cell_and_msg(cell, exec_reply_content)
nbclient.exceptions.CellExecutionError: An error occurred while executing the following cell:
------------------
from bcd.preprocess.image.denoise.analyze import WaveletFilterAnalyzer
analyzer = WaveletFilterAnalyzer()
analyzer.add_gaussian_noise(var=0.2)
fig = analyzer.analyze(method='Visushrink', sigma=0.15)
glue("wavelet_visushrink_characteristics", fig)
------------------

[0;31m---------------------------------------------------------------------------[0m
[0;31mValueError[0m                                Traceback (most recent call last)
Cell [0;32mIn[4], line 4[0m
[1;32m      2[0m analyzer [38;5;241m=[39m WaveletFilterAnalyzer()
[1;32m      3[0m analyzer[38;5;241m.[39madd_gaussian_noise(var[38;5;241m=[39m[38;5;241m0.2[39m)
[0;32m----> 4[0m fig [38;5;241m=[39m [43manalyzer[49m[38;5;241;43m.[39;49m[43manalyze[49m[43m([49m[43mmethod[49m[38;5;241;43m=[39;49m[38;5;124;43m'[39;49m[38;5;124;43mVisushrink[39;49m[38;5;124;43m'[39;49m[43m,[49m[43m [49m[43msigma[49m[38;5;241;43m=[39;49m[38;5;241;43m0.15[39;49m[43m)[49m
[1;32m      5[0m glue([38;5;124m"[39m[38;5;124mwavelet_visushrink_characteristics[39m[38;5;124m"[39m, fig)

File [0;32m~/projects/bcd/bcd/preprocess/image/denoise/analyze.py:132[0m, in [0;36mDenoiserAnalyzer.analyze[0;34m(self, *args, **kwargs)[0m
[1;32m    120[0m [38;5;250m[39m[38;5;124;03m"""Plots an analysis of filter performance[39;00m
[1;32m    121[0m 
[1;32m    122[0m [38;5;124;03mPlots two rows of subplots. The first row contains[39;00m
[0;32m   (...)[0m
[1;32m    127[0m [38;5;124;03m    *args, **kwargs: Arguments passed to the subclass apply_filter method.[39;00m
[1;32m    128[0m [38;5;124;03m"""[39;00m
[1;32m    130[0m fig [38;5;241m=[39m plt[38;5;241m.[39mfigure(figsize[38;5;241m=[39m([38;5;241m12[39m, [38;5;241m6[39m), dpi[38;5;241m=[39m[38;5;241m200[39m)
[0;32m--> 132[0m [38;5;28mself[39m[38;5;241m.[39m_image_filtered [38;5;241m=[39m [38;5;28;43mself[39;49m[38;5;241;43m.[39;49m[43mapply_filter[49m[43m([49m
[1;32m    133[0m [43m    [49m[43mimage[49m[38;5;241;43m=[39;49m[38;5;28;43mself[39;49m[38;5;241;43m.[39;49m[43m_image_degraded[49m[43m,[49m[43m [49m[38;5;241;43m*[39;49m[43margs[49m[43m,[49m[43m [49m[38;5;241;43m*[39;49m[38;5;241;43m*[39;49m[43mkwargs[49m
[1;32m    134[0m [43m[49m[43m)[49m
[1;32m    136[0m [38;5;28mself[39m[38;5;241m.[39m_image_noise [38;5;241m=[39m [38;5;28mself[39m[38;5;241m.[39m_image_degraded [38;5;241m-[39m [38;5;28mself[39m[38;5;241m.[39m_image_filtered
[1;32m    138[0m [38;5;28mself[39m[38;5;241m.[39m_create_histograms()

File [0;32m~/projects/bcd/bcd/preprocess/image/denoise/analyze.py:495[0m, in [0;36mWaveletFilterAnalyzer.apply_filter[0;34m(self, image, sigma, wavelet, mode, method, channel_axis)[0m
[1;32m    486[0m [38;5;28;01mdef[39;00m [38;5;21mapply_filter[39m(
[1;32m    487[0m     [38;5;28mself[39m,
[1;32m    488[0m     image: np[38;5;241m.[39mndarray,
[0;32m   (...)[0m
[1;32m    493[0m     channel_axis: [38;5;28mint[39m [38;5;241m=[39m [38;5;28;01mNone[39;00m,
[1;32m    494[0m ) [38;5;241m-[39m[38;5;241m>[39m np[38;5;241m.[39mndarray:
[0;32m--> 495[0m     [38;5;28;01mreturn[39;00m [43mdenoise_wavelet[49m[43m([49m
[1;32m    496[0m [43m        [49m[43mimage[49m[38;5;241;43m=[39;49m[43mimage[49m[43m,[49m
[1;32m    497[0m [43m        [49m[43msigma[49m[38;5;241;43m=[39;49m[43msigma[49m[43m,[49m
[1;32m    498[0m [43m        [49m[43mwavelet[49m[38;5;241;43m=[39;49m[43mwavelet[49m[43m,[49m
[1;32m    499[0m [43m        [49m[43mmode[49m[38;5;241;43m=[39;49m[43mmode[49m[43m,[49m
[1;32m    500[0m [43m        [49m[43mmethod[49m[38;5;241;43m=[39;49m[43mmethod[49m[43m,[49m
[1;32m    501[0m [43m        [49m[43mchannel_axis[49m[38;5;241;43m=[39;49m[43mchannel_axis[49m[43m,[49m
[1;32m    502[0m [43m    [49m[43m)[49m

File [0;32m~/anaconda3/envs/bcd/lib/python3.10/site-packages/skimage/_shared/utils.py:316[0m, in [0;36mchannel_as_last_axis.__call__.<locals>.fixed_func[0;34m(*args, **kwargs)[0m
[1;32m    313[0m channel_axis [38;5;241m=[39m kwargs[38;5;241m.[39mget([38;5;124m'[39m[38;5;124mchannel_axis[39m[38;5;124m'[39m, [38;5;28;01mNone[39;00m)
[1;32m    315[0m [38;5;28;01mif[39;00m channel_axis [38;5;129;01mis[39;00m [38;5;28;01mNone[39;00m:
[0;32m--> 316[0m     [38;5;28;01mreturn[39;00m [43mfunc[49m[43m([49m[38;5;241;43m*[39;49m[43margs[49m[43m,[49m[43m [49m[38;5;241;43m*[39;49m[38;5;241;43m*[39;49m[43mkwargs[49m[43m)[49m
[1;32m    318[0m [38;5;66;03m# TODO: convert scalars to a tuple in anticipation of eventually[39;00m
[1;32m    319[0m [38;5;66;03m#       supporting a tuple of channel axes. Right now, only an[39;00m
[1;32m    320[0m [38;5;66;03m#       integer or a single-element tuple is supported, though.[39;00m
[1;32m    321[0m [38;5;28;01mif[39;00m np[38;5;241m.[39misscalar(channel_axis):

File [0;32m~/anaconda3/envs/bcd/lib/python3.10/site-packages/skimage/restoration/_denoise.py:908[0m, in [0;36mdenoise_wavelet[0;34m(image, sigma, wavelet, mode, wavelet_levels, convert2ycbcr, method, rescale_sigma, channel_axis)[0m
[1;32m    906[0m multichannel [38;5;241m=[39m channel_axis [38;5;129;01mis[39;00m [38;5;129;01mnot[39;00m [38;5;28;01mNone[39;00m
[1;32m    907[0m [38;5;28;01mif[39;00m method [38;5;129;01mnot[39;00m [38;5;129;01min[39;00m [[38;5;124m"[39m[38;5;124mBayesShrink[39m[38;5;124m"[39m, [38;5;124m"[39m[38;5;124mVisuShrink[39m[38;5;124m"[39m]:
[0;32m--> 908[0m     [38;5;28;01mraise[39;00m [38;5;167;01mValueError[39;00m([38;5;124mf[39m[38;5;124m'[39m[38;5;124mInvalid method: [39m[38;5;132;01m{[39;00mmethod[38;5;132;01m}[39;00m[38;5;124m. The currently supported [39m[38;5;124m'[39m
[1;32m    909[0m                      [38;5;124mf[39m[38;5;124m'[39m[38;5;124mmethods are [39m[38;5;124m"[39m[38;5;124mBayesShrink[39m[38;5;124m"[39m[38;5;124m and [39m[38;5;124m"[39m[38;5;124mVisuShrink[39m[38;5;124m"[39m[38;5;124m.[39m[38;5;124m'[39m)
[1;32m    911[0m [38;5;66;03m# floating-point inputs are not rescaled, so don't clip their output.[39;00m
[1;32m    912[0m clip_output [38;5;241m=[39m image[38;5;241m.[39mdtype[38;5;241m.[39mkind [38;5;241m!=[39m [38;5;124m'[39m[38;5;124mf[39m[38;5;124m'[39m

[0;31mValueError[0m: Invalid method: Visushrink. The currently supported methods are "BayesShrink" and "VisuShrink".
ValueError: Invalid method: Visushrink. The currently supported methods are "BayesShrink" and "VisuShrink".

